<?xml version="1.0" encoding="UTF-8"?>
<!-- Generated by org.testng.reporters.JUnitReportReporter -->
<testsuite skipped="0" hostname="Marc-PC" name="p1.Amazon" tests="2" failures="0" timestamp="22 oct 2020 18:41:07 GMT" time="59.112" errors="0">
  <testcase name="invokeBrowser" time="31.933" classname="p1.Amazon"/>
  <testcase name="Buscar1917" time="27.179" classname="p1.Amazon"/>
</testsuite> <!-- p1.Amazon -->
